The system is: Darwin - 17.2.0 - x86_64
Compiling the C compiler identification source file "CMakeCCompilerId.c" succeeded.
Compiler: /usr/local/bin/gcc-7 
Build flags: 
Id flags:  

The output was:
0


Compilation of the C compiler identification source "CMakeCCompilerId.c" produced "a.out"

The C compiler identification is GNU, found in "/Users/laolabaobei/Research/Clion/Ising_Model/build/CMakeFiles/3.8.2/CompilerIdC/a.out"

Compiling the CXX compiler identification source file "CMakeCXXCompilerId.cpp" succeeded.
Compiler: /usr/local/bin/g++-7 
Build flags: 
Id flags:  

The output was:
0


Compilation of the CXX compiler identification source "CMakeCXXCompilerId.cpp" produced "a.out"

The CXX compiler identification is GNU, found in "/Users/laolabaobei/Research/Clion/Ising_Model/build/CMakeFiles/3.8.2/CompilerIdCXX/a.out"

Determining if the C compiler works passed with the following output:
Change Dir: /Users/laolabaobei/Research/Clion/Ising_Model/build/CMakeFiles/CMakeTmp

Run Build Command:"/usr/bin/make" "cmTC_5ce4a/fast"
/Applications/Xcode.app/Contents/Developer/usr/bin/make -f CMakeFiles/cmTC_5ce4a.dir/build.make CMakeFiles/cmTC_5ce4a.dir/build
Building C object CMakeFiles/cmTC_5ce4a.dir/testCCompiler.c.o
/usr/local/bin/gcc-7   -isysroot /Applications/Xcode.app/Contents/Developer/Platforms/MacOSX.platform/Developer/SDKs/MacOSX10.13.sdk -mmacosx-version-min=10.9   -o CMakeFiles/cmTC_5ce4a.dir/testCCompiler.c.o   -c /Users/laolabaobei/Research/Clion/Ising_Model/build/CMakeFiles/CMakeTmp/testCCompiler.c
Linking C executable cmTC_5ce4a
/usr/local/Cellar/cmake/3.8.2/bin/cmake -E cmake_link_script CMakeFiles/cmTC_5ce4a.dir/link.txt --verbose=1
/usr/local/bin/gcc-7   -isysroot /Applications/Xcode.app/Contents/Developer/Platforms/MacOSX.platform/Developer/SDKs/MacOSX10.13.sdk -mmacosx-version-min=10.9 -Wl,-search_paths_first -Wl,-headerpad_max_install_names   CMakeFiles/cmTC_5ce4a.dir/testCCompiler.c.o  -o cmTC_5ce4a 


Detecting C compiler ABI info compiled with the following output:
Change Dir: /Users/laolabaobei/Research/Clion/Ising_Model/build/CMakeFiles/CMakeTmp

Run Build Command:"/usr/bin/make" "cmTC_59105/fast"
/Applications/Xcode.app/Contents/Developer/usr/bin/make -f CMakeFiles/cmTC_59105.dir/build.make CMakeFiles/cmTC_59105.dir/build
Building C object CMakeFiles/cmTC_59105.dir/CMakeCCompilerABI.c.o
/usr/local/bin/gcc-7   -isysroot /Applications/Xcode.app/Contents/Developer/Platforms/MacOSX.platform/Developer/SDKs/MacOSX10.13.sdk -mmacosx-version-min=10.9   -o CMakeFiles/cmTC_59105.dir/CMakeCCompilerABI.c.o   -c /usr/local/Cellar/cmake/3.8.2/share/cmake/Modules/CMakeCCompilerABI.c
Linking C executable cmTC_59105
/usr/local/Cellar/cmake/3.8.2/bin/cmake -E cmake_link_script CMakeFiles/cmTC_59105.dir/link.txt --verbose=1
/usr/local/bin/gcc-7   -isysroot /Applications/Xcode.app/Contents/Developer/Platforms/MacOSX.platform/Developer/SDKs/MacOSX10.13.sdk -mmacosx-version-min=10.9 -Wl,-search_paths_first -Wl,-headerpad_max_install_names  -v -Wl,-v CMakeFiles/cmTC_59105.dir/CMakeCCompilerABI.c.o  -o cmTC_59105 
Using built-in specs.
COLLECT_GCC=/usr/local/bin/gcc-7
COLLECT_LTO_WRAPPER=/usr/local/Cellar/gcc/7.3.0_1/libexec/gcc/x86_64-apple-darwin17.2.0/7.3.0/lto-wrapper
Target: x86_64-apple-darwin17.2.0
Configured with: ../configure --build=x86_64-apple-darwin17.2.0 --prefix=/usr/local/Cellar/gcc/7.3.0_1 --libdir=/usr/local/Cellar/gcc/7.3.0_1/lib/gcc/7 --enable-languages=c,c++,objc,obj-c++,fortran --program-suffix=-7 --with-gmp=/usr/local/opt/gmp --with-mpfr=/usr/local/opt/mpfr --with-mpc=/usr/local/opt/libmpc --with-isl=/usr/local/opt/isl --with-system-zlib --enable-checking=release --with-pkgversion='Homebrew GCC 7.3.0_1' --with-bugurl=https://github.com/Homebrew/homebrew-core/issues --disable-nls --with-native-system-header-dir=/usr/include --with-sysroot=/Applications/Xcode.app/Contents/Developer/Platforms/MacOSX.platform/Developer/SDKs/MacOSX10.13.sdk
Thread model: posix
gcc version 7.3.0 (Homebrew GCC 7.3.0_1) 
COMPILER_PATH=/usr/local/Cellar/gcc/7.3.0_1/libexec/gcc/x86_64-apple-darwin17.2.0/7.3.0/:/usr/local/Cellar/gcc/7.3.0_1/libexec/gcc/x86_64-apple-darwin17.2.0/7.3.0/:/usr/local/Cellar/gcc/7.3.0_1/libexec/gcc/x86_64-apple-darwin17.2.0/:/usr/local/Cellar/gcc/7.3.0_1/lib/gcc/7/gcc/x86_64-apple-darwin17.2.0/7.3.0/:/usr/local/Cellar/gcc/7.3.0_1/lib/gcc/7/gcc/x86_64-apple-darwin17.2.0/
LIBRARY_PATH=/usr/local/Cellar/gcc/7.3.0_1/lib/gcc/7/gcc/x86_64-apple-darwin17.2.0/7.3.0/:/usr/local/Cellar/gcc/7.3.0_1/lib/gcc/7/gcc/x86_64-apple-darwin17.2.0/7.3.0/../../../
COLLECT_GCC_OPTIONS='-isysroot' '/Applications/Xcode.app/Contents/Developer/Platforms/MacOSX.platform/Developer/SDKs/MacOSX10.13.sdk' '-mmacosx-version-min=10.9' '-v' '-o' 'cmTC_59105' '-asm_macosx_version_min=10.9' '-mtune=core2'
 /usr/local/Cellar/gcc/7.3.0_1/libexec/gcc/x86_64-apple-darwin17.2.0/7.3.0/collect2 -dynamic -arch x86_64 -macosx_version_min 10.9 -syslibroot /Applications/Xcode.app/Contents/Developer/Platforms/MacOSX.platform/Developer/SDKs/MacOSX10.13.sdk -weak_reference_mismatches non-weak -o cmTC_59105 -L/usr/local/Cellar/gcc/7.3.0_1/lib/gcc/7/gcc/x86_64-apple-darwin17.2.0/7.3.0 -L/usr/local/Cellar/gcc/7.3.0_1/lib/gcc/7/gcc/x86_64-apple-darwin17.2.0/7.3.0/../../.. -search_paths_first -headerpad_max_install_names -v CMakeFiles/cmTC_59105.dir/CMakeCCompilerABI.c.o -no_compact_unwind -lSystem -lgcc_ext.10.5 -lgcc -lSystem -v
collect2 version 7.3.0
/usr/bin/ld -dynamic -arch x86_64 -macosx_version_min 10.9 -syslibroot /Applications/Xcode.app/Contents/Developer/Platforms/MacOSX.platform/Developer/SDKs/MacOSX10.13.sdk -weak_reference_mismatches non-weak -o cmTC_59105 -L/usr/local/Cellar/gcc/7.3.0_1/lib/gcc/7/gcc/x86_64-apple-darwin17.2.0/7.3.0 -L/usr/local/Cellar/gcc/7.3.0_1/lib/gcc/7/gcc/x86_64-apple-darwin17.2.0/7.3.0/../../.. -search_paths_first -headerpad_max_install_names -v CMakeFiles/cmTC_59105.dir/CMakeCCompilerABI.c.o -no_compact_unwind -lSystem -lgcc_ext.10.5 -lgcc -lSystem -v
@(#)PROGRAM:ld  PROJECT:ld64-305
configured to support archs: armv6 armv7 armv7s arm64 i386 x86_64 x86_64h armv6m armv7k armv7m armv7em (tvOS)
@(#)PROGRAM:ld  PROJECT:ld64-305
configured to support archs: armv6 armv7 armv7s arm64 i386 x86_64 x86_64h armv6m armv7k armv7m armv7em (tvOS)
Library search paths:
	/usr/local/Cellar/gcc/7.3.0_1/lib/gcc/7/gcc/x86_64-apple-darwin17.2.0/7.3.0
	/usr/local/Cellar/gcc/7.3.0_1/lib/gcc/7
	/Applications/Xcode.app/Contents/Developer/Platforms/MacOSX.platform/Developer/SDKs/MacOSX10.13.sdk/usr/lib
Framework search paths:
	/Applications/Xcode.app/Contents/Developer/Platforms/MacOSX.platform/Developer/SDKs/MacOSX10.13.sdk/System/Library/Frameworks/
 /usr/bin/nm -n CMakeFiles/cmTC_59105.dir/CMakeCCompilerABI.c.o


Parsed C implicit link information from above output:
  link line regex: [^( *|.*[/\])(ld|([^/\]+-)?ld|collect2)[^/\]*( |$)]
  ignore line: [Change Dir: /Users/laolabaobei/Research/Clion/Ising_Model/build/CMakeFiles/CMakeTmp]
  ignore line: []
  ignore line: [Run Build Command:"/usr/bin/make" "cmTC_59105/fast"]
  ignore line: [/Applications/Xcode.app/Contents/Developer/usr/bin/make -f CMakeFiles/cmTC_59105.dir/build.make CMakeFiles/cmTC_59105.dir/build]
  ignore line: [Building C object CMakeFiles/cmTC_59105.dir/CMakeCCompilerABI.c.o]
  ignore line: [/usr/local/bin/gcc-7   -isysroot /Applications/Xcode.app/Contents/Developer/Platforms/MacOSX.platform/Developer/SDKs/MacOSX10.13.sdk -mmacosx-version-min=10.9   -o CMakeFiles/cmTC_59105.dir/CMakeCCompilerABI.c.o   -c /usr/local/Cellar/cmake/3.8.2/share/cmake/Modules/CMakeCCompilerABI.c]
  ignore line: [Linking C executable cmTC_59105]
  ignore line: [/usr/local/Cellar/cmake/3.8.2/bin/cmake -E cmake_link_script CMakeFiles/cmTC_59105.dir/link.txt --verbose=1]
  ignore line: [/usr/local/bin/gcc-7   -isysroot /Applications/Xcode.app/Contents/Developer/Platforms/MacOSX.platform/Developer/SDKs/MacOSX10.13.sdk -mmacosx-version-min=10.9 -Wl,-search_paths_first -Wl,-headerpad_max_install_names  -v -Wl,-v CMakeFiles/cmTC_59105.dir/CMakeCCompilerABI.c.o  -o cmTC_59105 ]
  ignore line: [Using built-in specs.]
  ignore line: [COLLECT_GCC=/usr/local/bin/gcc-7]
  ignore line: [COLLECT_LTO_WRAPPER=/usr/local/Cellar/gcc/7.3.0_1/libexec/gcc/x86_64-apple-darwin17.2.0/7.3.0/lto-wrapper]
  ignore line: [Target: x86_64-apple-darwin17.2.0]
  ignore line: [Configured with: ../configure --build=x86_64-apple-darwin17.2.0 --prefix=/usr/local/Cellar/gcc/7.3.0_1 --libdir=/usr/local/Cellar/gcc/7.3.0_1/lib/gcc/7 --enable-languages=c,c++,objc,obj-c++,fortran --program-suffix=-7 --with-gmp=/usr/local/opt/gmp --with-mpfr=/usr/local/opt/mpfr --with-mpc=/usr/local/opt/libmpc --with-isl=/usr/local/opt/isl --with-system-zlib --enable-checking=release --with-pkgversion='Homebrew GCC 7.3.0_1' --with-bugurl=https://github.com/Homebrew/homebrew-core/issues --disable-nls --with-native-system-header-dir=/usr/include --with-sysroot=/Applications/Xcode.app/Contents/Developer/Platforms/MacOSX.platform/Developer/SDKs/MacOSX10.13.sdk]
  ignore line: [Thread model: posix]
  ignore line: [gcc version 7.3.0 (Homebrew GCC 7.3.0_1) ]
  ignore line: [COMPILER_PATH=/usr/local/Cellar/gcc/7.3.0_1/libexec/gcc/x86_64-apple-darwin17.2.0/7.3.0/:/usr/local/Cellar/gcc/7.3.0_1/libexec/gcc/x86_64-apple-darwin17.2.0/7.3.0/:/usr/local/Cellar/gcc/7.3.0_1/libexec/gcc/x86_64-apple-darwin17.2.0/:/usr/local/Cellar/gcc/7.3.0_1/lib/gcc/7/gcc/x86_64-apple-darwin17.2.0/7.3.0/:/usr/local/Cellar/gcc/7.3.0_1/lib/gcc/7/gcc/x86_64-apple-darwin17.2.0/]
  ignore line: [LIBRARY_PATH=/usr/local/Cellar/gcc/7.3.0_1/lib/gcc/7/gcc/x86_64-apple-darwin17.2.0/7.3.0/:/usr/local/Cellar/gcc/7.3.0_1/lib/gcc/7/gcc/x86_64-apple-darwin17.2.0/7.3.0/../../../]
  ignore line: [COLLECT_GCC_OPTIONS='-isysroot' '/Applications/Xcode.app/Contents/Developer/Platforms/MacOSX.platform/Developer/SDKs/MacOSX10.13.sdk' '-mmacosx-version-min=10.9' '-v' '-o' 'cmTC_59105' '-asm_macosx_version_min=10.9' '-mtune=core2']
  link line: [ /usr/local/Cellar/gcc/7.3.0_1/libexec/gcc/x86_64-apple-darwin17.2.0/7.3.0/collect2 -dynamic -arch x86_64 -macosx_version_min 10.9 -syslibroot /Applications/Xcode.app/Contents/Developer/Platforms/MacOSX.platform/Developer/SDKs/MacOSX10.13.sdk -weak_reference_mismatches non-weak -o cmTC_59105 -L/usr/local/Cellar/gcc/7.3.0_1/lib/gcc/7/gcc/x86_64-apple-darwin17.2.0/7.3.0 -L/usr/local/Cellar/gcc/7.3.0_1/lib/gcc/7/gcc/x86_64-apple-darwin17.2.0/7.3.0/../../.. -search_paths_first -headerpad_max_install_names -v CMakeFiles/cmTC_59105.dir/CMakeCCompilerABI.c.o -no_compact_unwind -lSystem -lgcc_ext.10.5 -lgcc -lSystem -v]
    arg [/usr/local/Cellar/gcc/7.3.0_1/libexec/gcc/x86_64-apple-darwin17.2.0/7.3.0/collect2] ==> ignore
    arg [-dynamic] ==> ignore
    arg [-arch] ==> ignore
    arg [x86_64] ==> ignore
    arg [-macosx_version_min] ==> ignore
    arg [10.9] ==> ignore
    arg [-syslibroot] ==> ignore
    arg [/Applications/Xcode.app/Contents/Developer/Platforms/MacOSX.platform/Developer/SDKs/MacOSX10.13.sdk] ==> ignore
    arg [-weak_reference_mismatches] ==> ignore
    arg [non-weak] ==> ignore
    arg [-o] ==> ignore
    arg [cmTC_59105] ==> ignore
    arg [-L/usr/local/Cellar/gcc/7.3.0_1/lib/gcc/7/gcc/x86_64-apple-darwin17.2.0/7.3.0] ==> dir [/usr/local/Cellar/gcc/7.3.0_1/lib/gcc/7/gcc/x86_64-apple-darwin17.2.0/7.3.0]
    arg [-L/usr/local/Cellar/gcc/7.3.0_1/lib/gcc/7/gcc/x86_64-apple-darwin17.2.0/7.3.0/../../..] ==> dir [/usr/local/Cellar/gcc/7.3.0_1/lib/gcc/7/gcc/x86_64-apple-darwin17.2.0/7.3.0/../../..]
    arg [-search_paths_first] ==> ignore
    arg [-headerpad_max_install_names] ==> ignore
    arg [-v] ==> ignore
    arg [CMakeFiles/cmTC_59105.dir/CMakeCCompilerABI.c.o] ==> ignore
    arg [-no_compact_unwind] ==> ignore
    arg [-lSystem] ==> lib [System]
    arg [-lgcc_ext.10.5] ==> lib [gcc_ext.10.5]
    arg [-lgcc] ==> lib [gcc]
    arg [-lSystem] ==> lib [System]
    arg [-v] ==> ignore
  Library search paths: [;/usr/local/Cellar/gcc/7.3.0_1/lib/gcc/7/gcc/x86_64-apple-darwin17.2.0/7.3.0;/usr/local/Cellar/gcc/7.3.0_1/lib/gcc/7;/Applications/Xcode.app/Contents/Developer/Platforms/MacOSX.platform/Developer/SDKs/MacOSX10.13.sdk/usr/lib]
  Framework search paths: [;/Applications/Xcode.app/Contents/Developer/Platforms/MacOSX.platform/Developer/SDKs/MacOSX10.13.sdk/System/Library/Frameworks/]
  remove lib [System]
  remove lib [gcc_ext.10.5]
  remove lib [gcc]
  remove lib [System]
  collapse library dir [/usr/local/Cellar/gcc/7.3.0_1/lib/gcc/7/gcc/x86_64-apple-darwin17.2.0/7.3.0] ==> [/usr/local/Cellar/gcc/7.3.0_1/lib/gcc/7/gcc/x86_64-apple-darwin17.2.0/7.3.0]
  collapse library dir [/usr/local/Cellar/gcc/7.3.0_1/lib/gcc/7/gcc/x86_64-apple-darwin17.2.0/7.3.0/../../..] ==> [/usr/local/Cellar/gcc/7.3.0_1/lib/gcc/7]
  collapse library dir [/usr/local/Cellar/gcc/7.3.0_1/lib/gcc/7/gcc/x86_64-apple-darwin17.2.0/7.3.0] ==> [/usr/local/Cellar/gcc/7.3.0_1/lib/gcc/7/gcc/x86_64-apple-darwin17.2.0/7.3.0]
  collapse library dir [/usr/local/Cellar/gcc/7.3.0_1/lib/gcc/7] ==> [/usr/local/Cellar/gcc/7.3.0_1/lib/gcc/7]
  collapse library dir [/Applications/Xcode.app/Contents/Developer/Platforms/MacOSX.platform/Developer/SDKs/MacOSX10.13.sdk/usr/lib] ==> [/Applications/Xcode.app/Contents/Developer/Platforms/MacOSX.platform/Developer/SDKs/MacOSX10.13.sdk/usr/lib]
  collapse framework dir [/Applications/Xcode.app/Contents/Developer/Platforms/MacOSX.platform/Developer/SDKs/MacOSX10.13.sdk/System/Library/Frameworks/] ==> [/Applications/Xcode.app/Contents/Developer/Platforms/MacOSX.platform/Developer/SDKs/MacOSX10.13.sdk/System/Library/Frameworks]
  implicit libs: []
  implicit dirs: [/usr/local/Cellar/gcc/7.3.0_1/lib/gcc/7/gcc/x86_64-apple-darwin17.2.0/7.3.0;/usr/local/Cellar/gcc/7.3.0_1/lib/gcc/7;/Applications/Xcode.app/Contents/Developer/Platforms/MacOSX.platform/Developer/SDKs/MacOSX10.13.sdk/usr/lib]
  implicit fwks: [/Applications/Xcode.app/Contents/Developer/Platforms/MacOSX.platform/Developer/SDKs/MacOSX10.13.sdk/System/Library/Frameworks]




Detecting C [-std=c11] compiler features compiled with the following output:
Change Dir: /Users/laolabaobei/Research/Clion/Ising_Model/build/CMakeFiles/CMakeTmp

Run Build Command:"/usr/bin/make" "cmTC_e1764/fast"
/Applications/Xcode.app/Contents/Developer/usr/bin/make -f CMakeFiles/cmTC_e1764.dir/build.make CMakeFiles/cmTC_e1764.dir/build
Building C object CMakeFiles/cmTC_e1764.dir/feature_tests.c.o
/usr/local/bin/gcc-7   -isysroot /Applications/Xcode.app/Contents/Developer/Platforms/MacOSX.platform/Developer/SDKs/MacOSX10.13.sdk -mmacosx-version-min=10.9   -std=c11 -o CMakeFiles/cmTC_e1764.dir/feature_tests.c.o   -c /Users/laolabaobei/Research/Clion/Ising_Model/build/CMakeFiles/feature_tests.c
Linking C executable cmTC_e1764
/usr/local/Cellar/cmake/3.8.2/bin/cmake -E cmake_link_script CMakeFiles/cmTC_e1764.dir/link.txt --verbose=1
/usr/local/bin/gcc-7   -isysroot /Applications/Xcode.app/Contents/Developer/Platforms/MacOSX.platform/Developer/SDKs/MacOSX10.13.sdk -mmacosx-version-min=10.9 -Wl,-search_paths_first -Wl,-headerpad_max_install_names   CMakeFiles/cmTC_e1764.dir/feature_tests.c.o  -o cmTC_e1764 


    Feature record: C_FEATURE:1c_function_prototypes
    Feature record: C_FEATURE:1c_restrict
    Feature record: C_FEATURE:1c_static_assert
    Feature record: C_FEATURE:1c_variadic_macros


Detecting C [-std=c99] compiler features compiled with the following output:
Change Dir: /Users/laolabaobei/Research/Clion/Ising_Model/build/CMakeFiles/CMakeTmp

Run Build Command:"/usr/bin/make" "cmTC_79177/fast"
/Applications/Xcode.app/Contents/Developer/usr/bin/make -f CMakeFiles/cmTC_79177.dir/build.make CMakeFiles/cmTC_79177.dir/build
Building C object CMakeFiles/cmTC_79177.dir/feature_tests.c.o
/usr/local/bin/gcc-7   -isysroot /Applications/Xcode.app/Contents/Developer/Platforms/MacOSX.platform/Developer/SDKs/MacOSX10.13.sdk -mmacosx-version-min=10.9   -std=c99 -o CMakeFiles/cmTC_79177.dir/feature_tests.c.o   -c /Users/laolabaobei/Research/Clion/Ising_Model/build/CMakeFiles/feature_tests.c
Linking C executable cmTC_79177
/usr/local/Cellar/cmake/3.8.2/bin/cmake -E cmake_link_script CMakeFiles/cmTC_79177.dir/link.txt --verbose=1
/usr/local/bin/gcc-7   -isysroot /Applications/Xcode.app/Contents/Developer/Platforms/MacOSX.platform/Developer/SDKs/MacOSX10.13.sdk -mmacosx-version-min=10.9 -Wl,-search_paths_first -Wl,-headerpad_max_install_names   CMakeFiles/cmTC_79177.dir/feature_tests.c.o  -o cmTC_79177 


    Feature record: C_FEATURE:1c_function_prototypes
    Feature record: C_FEATURE:1c_restrict
    Feature record: C_FEATURE:0c_static_assert
    Feature record: C_FEATURE:1c_variadic_macros


Detecting C [-std=c90] compiler features compiled with the following output:
Change Dir: /Users/laolabaobei/Research/Clion/Ising_Model/build/CMakeFiles/CMakeTmp

Run Build Command:"/usr/bin/make" "cmTC_e4a31/fast"
/Applications/Xcode.app/Contents/Developer/usr/bin/make -f CMakeFiles/cmTC_e4a31.dir/build.make CMakeFiles/cmTC_e4a31.dir/build
Building C object CMakeFiles/cmTC_e4a31.dir/feature_tests.c.o
/usr/local/bin/gcc-7   -isysroot /Applications/Xcode.app/Contents/Developer/Platforms/MacOSX.platform/Developer/SDKs/MacOSX10.13.sdk -mmacosx-version-min=10.9   -std=c90 -o CMakeFiles/cmTC_e4a31.dir/feature_tests.c.o   -c /Users/laolabaobei/Research/Clion/Ising_Model/build/CMakeFiles/feature_tests.c
Linking C executable cmTC_e4a31
/usr/local/Cellar/cmake/3.8.2/bin/cmake -E cmake_link_script CMakeFiles/cmTC_e4a31.dir/link.txt --verbose=1
/usr/local/bin/gcc-7   -isysroot /Applications/Xcode.app/Contents/Developer/Platforms/MacOSX.platform/Developer/SDKs/MacOSX10.13.sdk -mmacosx-version-min=10.9 -Wl,-search_paths_first -Wl,-headerpad_max_install_names   CMakeFiles/cmTC_e4a31.dir/feature_tests.c.o  -o cmTC_e4a31 


    Feature record: C_FEATURE:1c_function_prototypes
    Feature record: C_FEATURE:0c_restrict
    Feature record: C_FEATURE:0c_static_assert
    Feature record: C_FEATURE:0c_variadic_macros
Determining if the CXX compiler works passed with the following output:
Change Dir: /Users/laolabaobei/Research/Clion/Ising_Model/build/CMakeFiles/CMakeTmp

Run Build Command:"/usr/bin/make" "cmTC_8f6dc/fast"
/Applications/Xcode.app/Contents/Developer/usr/bin/make -f CMakeFiles/cmTC_8f6dc.dir/build.make CMakeFiles/cmTC_8f6dc.dir/build
Building CXX object CMakeFiles/cmTC_8f6dc.dir/testCXXCompiler.cxx.o
/usr/local/bin/g++-7    -isysroot /Applications/Xcode.app/Contents/Developer/Platforms/MacOSX.platform/Developer/SDKs/MacOSX10.13.sdk -mmacosx-version-min=10.9   -o CMakeFiles/cmTC_8f6dc.dir/testCXXCompiler.cxx.o -c /Users/laolabaobei/Research/Clion/Ising_Model/build/CMakeFiles/CMakeTmp/testCXXCompiler.cxx
Linking CXX executable cmTC_8f6dc
/usr/local/Cellar/cmake/3.8.2/bin/cmake -E cmake_link_script CMakeFiles/cmTC_8f6dc.dir/link.txt --verbose=1
/usr/local/bin/g++-7    -isysroot /Applications/Xcode.app/Contents/Developer/Platforms/MacOSX.platform/Developer/SDKs/MacOSX10.13.sdk -mmacosx-version-min=10.9 -Wl,-search_paths_first -Wl,-headerpad_max_install_names   CMakeFiles/cmTC_8f6dc.dir/testCXXCompiler.cxx.o  -o cmTC_8f6dc 


Detecting CXX compiler ABI info compiled with the following output:
Change Dir: /Users/laolabaobei/Research/Clion/Ising_Model/build/CMakeFiles/CMakeTmp

Run Build Command:"/usr/bin/make" "cmTC_96d59/fast"
/Applications/Xcode.app/Contents/Developer/usr/bin/make -f CMakeFiles/cmTC_96d59.dir/build.make CMakeFiles/cmTC_96d59.dir/build
Building CXX object CMakeFiles/cmTC_96d59.dir/CMakeCXXCompilerABI.cpp.o
/usr/local/bin/g++-7    -isysroot /Applications/Xcode.app/Contents/Developer/Platforms/MacOSX.platform/Developer/SDKs/MacOSX10.13.sdk -mmacosx-version-min=10.9   -o CMakeFiles/cmTC_96d59.dir/CMakeCXXCompilerABI.cpp.o -c /usr/local/Cellar/cmake/3.8.2/share/cmake/Modules/CMakeCXXCompilerABI.cpp
Linking CXX executable cmTC_96d59
/usr/local/Cellar/cmake/3.8.2/bin/cmake -E cmake_link_script CMakeFiles/cmTC_96d59.dir/link.txt --verbose=1
/usr/local/bin/g++-7    -isysroot /Applications/Xcode.app/Contents/Developer/Platforms/MacOSX.platform/Developer/SDKs/MacOSX10.13.sdk -mmacosx-version-min=10.9 -Wl,-search_paths_first -Wl,-headerpad_max_install_names  -v -Wl,-v CMakeFiles/cmTC_96d59.dir/CMakeCXXCompilerABI.cpp.o  -o cmTC_96d59 
Using built-in specs.
COLLECT_GCC=/usr/local/bin/g++-7
COLLECT_LTO_WRAPPER=/usr/local/Cellar/gcc/7.3.0_1/libexec/gcc/x86_64-apple-darwin17.2.0/7.3.0/lto-wrapper
Target: x86_64-apple-darwin17.2.0
Configured with: ../configure --build=x86_64-apple-darwin17.2.0 --prefix=/usr/local/Cellar/gcc/7.3.0_1 --libdir=/usr/local/Cellar/gcc/7.3.0_1/lib/gcc/7 --enable-languages=c,c++,objc,obj-c++,fortran --program-suffix=-7 --with-gmp=/usr/local/opt/gmp --with-mpfr=/usr/local/opt/mpfr --with-mpc=/usr/local/opt/libmpc --with-isl=/usr/local/opt/isl --with-system-zlib --enable-checking=release --with-pkgversion='Homebrew GCC 7.3.0_1' --with-bugurl=https://github.com/Homebrew/homebrew-core/issues --disable-nls --with-native-system-header-dir=/usr/include --with-sysroot=/Applications/Xcode.app/Contents/Developer/Platforms/MacOSX.platform/Developer/SDKs/MacOSX10.13.sdk
Thread model: posix
gcc version 7.3.0 (Homebrew GCC 7.3.0_1) 
COMPILER_PATH=/usr/local/Cellar/gcc/7.3.0_1/libexec/gcc/x86_64-apple-darwin17.2.0/7.3.0/:/usr/local/Cellar/gcc/7.3.0_1/libexec/gcc/x86_64-apple-darwin17.2.0/7.3.0/:/usr/local/Cellar/gcc/7.3.0_1/libexec/gcc/x86_64-apple-darwin17.2.0/:/usr/local/Cellar/gcc/7.3.0_1/lib/gcc/7/gcc/x86_64-apple-darwin17.2.0/7.3.0/:/usr/local/Cellar/gcc/7.3.0_1/lib/gcc/7/gcc/x86_64-apple-darwin17.2.0/
LIBRARY_PATH=/usr/local/Cellar/gcc/7.3.0_1/lib/gcc/7/gcc/x86_64-apple-darwin17.2.0/7.3.0/:/usr/local/Cellar/gcc/7.3.0_1/lib/gcc/7/gcc/x86_64-apple-darwin17.2.0/7.3.0/../../../
COLLECT_GCC_OPTIONS='-isysroot' '/Applications/Xcode.app/Contents/Developer/Platforms/MacOSX.platform/Developer/SDKs/MacOSX10.13.sdk' '-mmacosx-version-min=10.9' '-v' '-o' 'cmTC_96d59' '-asm_macosx_version_min=10.9' '-shared-libgcc' '-mtune=core2'
 /usr/local/Cellar/gcc/7.3.0_1/libexec/gcc/x86_64-apple-darwin17.2.0/7.3.0/collect2 -dynamic -arch x86_64 -macosx_version_min 10.9 -syslibroot /Applications/Xcode.app/Contents/Developer/Platforms/MacOSX.platform/Developer/SDKs/MacOSX10.13.sdk -weak_reference_mismatches non-weak -o cmTC_96d59 -L/usr/local/Cellar/gcc/7.3.0_1/lib/gcc/7/gcc/x86_64-apple-darwin17.2.0/7.3.0 -L/usr/local/Cellar/gcc/7.3.0_1/lib/gcc/7/gcc/x86_64-apple-darwin17.2.0/7.3.0/../../.. -search_paths_first -headerpad_max_install_names -v CMakeFiles/cmTC_96d59.dir/CMakeCXXCompilerABI.cpp.o -lstdc++ -no_compact_unwind -lSystem -lgcc_ext.10.5 -lgcc -lSystem -v
collect2 version 7.3.0
/usr/bin/ld -dynamic -arch x86_64 -macosx_version_min 10.9 -syslibroot /Applications/Xcode.app/Contents/Developer/Platforms/MacOSX.platform/Developer/SDKs/MacOSX10.13.sdk -weak_reference_mismatches non-weak -o cmTC_96d59 -L/usr/local/Cellar/gcc/7.3.0_1/lib/gcc/7/gcc/x86_64-apple-darwin17.2.0/7.3.0 -L/usr/local/Cellar/gcc/7.3.0_1/lib/gcc/7/gcc/x86_64-apple-darwin17.2.0/7.3.0/../../.. -search_paths_first -headerpad_max_install_names -v CMakeFiles/cmTC_96d59.dir/CMakeCXXCompilerABI.cpp.o -lstdc++ -no_compact_unwind -lSystem -lgcc_ext.10.5 -lgcc -lSystem -v
@(#)PROGRAM:ld  PROJECT:ld64-305
configured to support archs: armv6 armv7 armv7s arm64 i386 x86_64 x86_64h armv6m armv7k armv7m armv7em (tvOS)
@(#)PROGRAM:ld  PROJECT:ld64-305
configured to support archs: armv6 armv7 armv7s arm64 i386 x86_64 x86_64h armv6m armv7k armv7m armv7em (tvOS)
Library search paths:
	/usr/local/Cellar/gcc/7.3.0_1/lib/gcc/7/gcc/x86_64-apple-darwin17.2.0/7.3.0
	/usr/local/Cellar/gcc/7.3.0_1/lib/gcc/7
	/Applications/Xcode.app/Contents/Developer/Platforms/MacOSX.platform/Developer/SDKs/MacOSX10.13.sdk/usr/lib
Framework search paths:
	/Applications/Xcode.app/Contents/Developer/Platforms/MacOSX.platform/Developer/SDKs/MacOSX10.13.sdk/System/Library/Frameworks/
 /usr/bin/nm -n CMakeFiles/cmTC_96d59.dir/CMakeCXXCompilerABI.cpp.o


Parsed CXX implicit link information from above output:
  link line regex: [^( *|.*[/\])(ld|([^/\]+-)?ld|collect2)[^/\]*( |$)]
  ignore line: [Change Dir: /Users/laolabaobei/Research/Clion/Ising_Model/build/CMakeFiles/CMakeTmp]
  ignore line: []
  ignore line: [Run Build Command:"/usr/bin/make" "cmTC_96d59/fast"]
  ignore line: [/Applications/Xcode.app/Contents/Developer/usr/bin/make -f CMakeFiles/cmTC_96d59.dir/build.make CMakeFiles/cmTC_96d59.dir/build]
  ignore line: [Building CXX object CMakeFiles/cmTC_96d59.dir/CMakeCXXCompilerABI.cpp.o]
  ignore line: [/usr/local/bin/g++-7    -isysroot /Applications/Xcode.app/Contents/Developer/Platforms/MacOSX.platform/Developer/SDKs/MacOSX10.13.sdk -mmacosx-version-min=10.9   -o CMakeFiles/cmTC_96d59.dir/CMakeCXXCompilerABI.cpp.o -c /usr/local/Cellar/cmake/3.8.2/share/cmake/Modules/CMakeCXXCompilerABI.cpp]
  ignore line: [Linking CXX executable cmTC_96d59]
  ignore line: [/usr/local/Cellar/cmake/3.8.2/bin/cmake -E cmake_link_script CMakeFiles/cmTC_96d59.dir/link.txt --verbose=1]
  ignore line: [/usr/local/bin/g++-7    -isysroot /Applications/Xcode.app/Contents/Developer/Platforms/MacOSX.platform/Developer/SDKs/MacOSX10.13.sdk -mmacosx-version-min=10.9 -Wl,-search_paths_first -Wl,-headerpad_max_install_names  -v -Wl,-v CMakeFiles/cmTC_96d59.dir/CMakeCXXCompilerABI.cpp.o  -o cmTC_96d59 ]
  ignore line: [Using built-in specs.]
  ignore line: [COLLECT_GCC=/usr/local/bin/g++-7]
  ignore line: [COLLECT_LTO_WRAPPER=/usr/local/Cellar/gcc/7.3.0_1/libexec/gcc/x86_64-apple-darwin17.2.0/7.3.0/lto-wrapper]
  ignore line: [Target: x86_64-apple-darwin17.2.0]
  ignore line: [Configured with: ../configure --build=x86_64-apple-darwin17.2.0 --prefix=/usr/local/Cellar/gcc/7.3.0_1 --libdir=/usr/local/Cellar/gcc/7.3.0_1/lib/gcc/7 --enable-languages=c,c++,objc,obj-c++,fortran --program-suffix=-7 --with-gmp=/usr/local/opt/gmp --with-mpfr=/usr/local/opt/mpfr --with-mpc=/usr/local/opt/libmpc --with-isl=/usr/local/opt/isl --with-system-zlib --enable-checking=release --with-pkgversion='Homebrew GCC 7.3.0_1' --with-bugurl=https://github.com/Homebrew/homebrew-core/issues --disable-nls --with-native-system-header-dir=/usr/include --with-sysroot=/Applications/Xcode.app/Contents/Developer/Platforms/MacOSX.platform/Developer/SDKs/MacOSX10.13.sdk]
  ignore line: [Thread model: posix]
  ignore line: [gcc version 7.3.0 (Homebrew GCC 7.3.0_1) ]
  ignore line: [COMPILER_PATH=/usr/local/Cellar/gcc/7.3.0_1/libexec/gcc/x86_64-apple-darwin17.2.0/7.3.0/:/usr/local/Cellar/gcc/7.3.0_1/libexec/gcc/x86_64-apple-darwin17.2.0/7.3.0/:/usr/local/Cellar/gcc/7.3.0_1/libexec/gcc/x86_64-apple-darwin17.2.0/:/usr/local/Cellar/gcc/7.3.0_1/lib/gcc/7/gcc/x86_64-apple-darwin17.2.0/7.3.0/:/usr/local/Cellar/gcc/7.3.0_1/lib/gcc/7/gcc/x86_64-apple-darwin17.2.0/]
  ignore line: [LIBRARY_PATH=/usr/local/Cellar/gcc/7.3.0_1/lib/gcc/7/gcc/x86_64-apple-darwin17.2.0/7.3.0/:/usr/local/Cellar/gcc/7.3.0_1/lib/gcc/7/gcc/x86_64-apple-darwin17.2.0/7.3.0/../../../]
  ignore line: [COLLECT_GCC_OPTIONS='-isysroot' '/Applications/Xcode.app/Contents/Developer/Platforms/MacOSX.platform/Developer/SDKs/MacOSX10.13.sdk' '-mmacosx-version-min=10.9' '-v' '-o' 'cmTC_96d59' '-asm_macosx_version_min=10.9' '-shared-libgcc' '-mtune=core2']
  link line: [ /usr/local/Cellar/gcc/7.3.0_1/libexec/gcc/x86_64-apple-darwin17.2.0/7.3.0/collect2 -dynamic -arch x86_64 -macosx_version_min 10.9 -syslibroot /Applications/Xcode.app/Contents/Developer/Platforms/MacOSX.platform/Developer/SDKs/MacOSX10.13.sdk -weak_reference_mismatches non-weak -o cmTC_96d59 -L/usr/local/Cellar/gcc/7.3.0_1/lib/gcc/7/gcc/x86_64-apple-darwin17.2.0/7.3.0 -L/usr/local/Cellar/gcc/7.3.0_1/lib/gcc/7/gcc/x86_64-apple-darwin17.2.0/7.3.0/../../.. -search_paths_first -headerpad_max_install_names -v CMakeFiles/cmTC_96d59.dir/CMakeCXXCompilerABI.cpp.o -lstdc++ -no_compact_unwind -lSystem -lgcc_ext.10.5 -lgcc -lSystem -v]
    arg [/usr/local/Cellar/gcc/7.3.0_1/libexec/gcc/x86_64-apple-darwin17.2.0/7.3.0/collect2] ==> ignore
    arg [-dynamic] ==> ignore
    arg [-arch] ==> ignore
    arg [x86_64] ==> ignore
    arg [-macosx_version_min] ==> ignore
    arg [10.9] ==> ignore
    arg [-syslibroot] ==> ignore
    arg [/Applications/Xcode.app/Contents/Developer/Platforms/MacOSX.platform/Developer/SDKs/MacOSX10.13.sdk] ==> ignore
    arg [-weak_reference_mismatches] ==> ignore
    arg [non-weak] ==> ignore
    arg [-o] ==> ignore
    arg [cmTC_96d59] ==> ignore
    arg [-L/usr/local/Cellar/gcc/7.3.0_1/lib/gcc/7/gcc/x86_64-apple-darwin17.2.0/7.3.0] ==> dir [/usr/local/Cellar/gcc/7.3.0_1/lib/gcc/7/gcc/x86_64-apple-darwin17.2.0/7.3.0]
    arg [-L/usr/local/Cellar/gcc/7.3.0_1/lib/gcc/7/gcc/x86_64-apple-darwin17.2.0/7.3.0/../../..] ==> dir [/usr/local/Cellar/gcc/7.3.0_1/lib/gcc/7/gcc/x86_64-apple-darwin17.2.0/7.3.0/../../..]
    arg [-search_paths_first] ==> ignore
    arg [-headerpad_max_install_names] ==> ignore
    arg [-v] ==> ignore
    arg [CMakeFiles/cmTC_96d59.dir/CMakeCXXCompilerABI.cpp.o] ==> ignore
    arg [-lstdc++] ==> lib [stdc++]
    arg [-no_compact_unwind] ==> ignore
    arg [-lSystem] ==> lib [System]
    arg [-lgcc_ext.10.5] ==> lib [gcc_ext.10.5]
    arg [-lgcc] ==> lib [gcc]
    arg [-lSystem] ==> lib [System]
    arg [-v] ==> ignore
  Library search paths: [;/usr/local/Cellar/gcc/7.3.0_1/lib/gcc/7/gcc/x86_64-apple-darwin17.2.0/7.3.0;/usr/local/Cellar/gcc/7.3.0_1/lib/gcc/7;/Applications/Xcode.app/Contents/Developer/Platforms/MacOSX.platform/Developer/SDKs/MacOSX10.13.sdk/usr/lib]
  Framework search paths: [;/Applications/Xcode.app/Contents/Developer/Platforms/MacOSX.platform/Developer/SDKs/MacOSX10.13.sdk/System/Library/Frameworks/]
  remove lib [System]
  remove lib [gcc_ext.10.5]
  remove lib [gcc]
  remove lib [System]
  collapse library dir [/usr/local/Cellar/gcc/7.3.0_1/lib/gcc/7/gcc/x86_64-apple-darwin17.2.0/7.3.0] ==> [/usr/local/Cellar/gcc/7.3.0_1/lib/gcc/7/gcc/x86_64-apple-darwin17.2.0/7.3.0]
  collapse library dir [/usr/local/Cellar/gcc/7.3.0_1/lib/gcc/7/gcc/x86_64-apple-darwin17.2.0/7.3.0/../../..] ==> [/usr/local/Cellar/gcc/7.3.0_1/lib/gcc/7]
  collapse library dir [/usr/local/Cellar/gcc/7.3.0_1/lib/gcc/7/gcc/x86_64-apple-darwin17.2.0/7.3.0] ==> [/usr/local/Cellar/gcc/7.3.0_1/lib/gcc/7/gcc/x86_64-apple-darwin17.2.0/7.3.0]
  collapse library dir [/usr/local/Cellar/gcc/7.3.0_1/lib/gcc/7] ==> [/usr/local/Cellar/gcc/7.3.0_1/lib/gcc/7]
  collapse library dir [/Applications/Xcode.app/Contents/Developer/Platforms/MacOSX.platform/Developer/SDKs/MacOSX10.13.sdk/usr/lib] ==> [/Applications/Xcode.app/Contents/Developer/Platforms/MacOSX.platform/Developer/SDKs/MacOSX10.13.sdk/usr/lib]
  collapse framework dir [/Applications/Xcode.app/Contents/Developer/Platforms/MacOSX.platform/Developer/SDKs/MacOSX10.13.sdk/System/Library/Frameworks/] ==> [/Applications/Xcode.app/Contents/Developer/Platforms/MacOSX.platform/Developer/SDKs/MacOSX10.13.sdk/System/Library/Frameworks]
  implicit libs: [stdc++]
  implicit dirs: [/usr/local/Cellar/gcc/7.3.0_1/lib/gcc/7/gcc/x86_64-apple-darwin17.2.0/7.3.0;/usr/local/Cellar/gcc/7.3.0_1/lib/gcc/7;/Applications/Xcode.app/Contents/Developer/Platforms/MacOSX.platform/Developer/SDKs/MacOSX10.13.sdk/usr/lib]
  implicit fwks: [/Applications/Xcode.app/Contents/Developer/Platforms/MacOSX.platform/Developer/SDKs/MacOSX10.13.sdk/System/Library/Frameworks]




Detecting CXX [-std=c++1z] compiler features compiled with the following output:
Change Dir: /Users/laolabaobei/Research/Clion/Ising_Model/build/CMakeFiles/CMakeTmp

Run Build Command:"/usr/bin/make" "cmTC_aa632/fast"
/Applications/Xcode.app/Contents/Developer/usr/bin/make -f CMakeFiles/cmTC_aa632.dir/build.make CMakeFiles/cmTC_aa632.dir/build
Building CXX object CMakeFiles/cmTC_aa632.dir/feature_tests.cxx.o
/usr/local/bin/g++-7    -isysroot /Applications/Xcode.app/Contents/Developer/Platforms/MacOSX.platform/Developer/SDKs/MacOSX10.13.sdk -mmacosx-version-min=10.9   -std=c++1z -o CMakeFiles/cmTC_aa632.dir/feature_tests.cxx.o -c /Users/laolabaobei/Research/Clion/Ising_Model/build/CMakeFiles/feature_tests.cxx
Linking CXX executable cmTC_aa632
/usr/local/Cellar/cmake/3.8.2/bin/cmake -E cmake_link_script CMakeFiles/cmTC_aa632.dir/link.txt --verbose=1
/usr/local/bin/g++-7    -isysroot /Applications/Xcode.app/Contents/Developer/Platforms/MacOSX.platform/Developer/SDKs/MacOSX10.13.sdk -mmacosx-version-min=10.9 -Wl,-search_paths_first -Wl,-headerpad_max_install_names   CMakeFiles/cmTC_aa632.dir/feature_tests.cxx.o  -o cmTC_aa632 


    Feature record: CXX_FEATURE:1cxx_aggregate_default_initializers
    Feature record: CXX_FEATURE:1cxx_alias_templates
    Feature record: CXX_FEATURE:1cxx_alignas
    Feature record: CXX_FEATURE:1cxx_alignof
    Feature record: CXX_FEATURE:1cxx_attributes
    Feature record: CXX_FEATURE:1cxx_attribute_deprecated
    Feature record: CXX_FEATURE:1cxx_auto_type
    Feature record: CXX_FEATURE:1cxx_binary_literals
    Feature record: CXX_FEATURE:1cxx_constexpr
    Feature record: CXX_FEATURE:1cxx_contextual_conversions
    Feature record: CXX_FEATURE:1cxx_decltype
    Feature record: CXX_FEATURE:1cxx_decltype_auto
    Feature record: CXX_FEATURE:1cxx_decltype_incomplete_return_types
    Feature record: CXX_FEATURE:1cxx_default_function_template_args
    Feature record: CXX_FEATURE:1cxx_defaulted_functions
    Feature record: CXX_FEATURE:1cxx_defaulted_move_initializers
    Feature record: CXX_FEATURE:1cxx_delegating_constructors
    Feature record: CXX_FEATURE:1cxx_deleted_functions
    Feature record: CXX_FEATURE:1cxx_digit_separators
    Feature record: CXX_FEATURE:1cxx_enum_forward_declarations
    Feature record: CXX_FEATURE:1cxx_explicit_conversions
    Feature record: CXX_FEATURE:1cxx_extended_friend_declarations
    Feature record: CXX_FEATURE:1cxx_extern_templates
    Feature record: CXX_FEATURE:1cxx_final
    Feature record: CXX_FEATURE:1cxx_func_identifier
    Feature record: CXX_FEATURE:1cxx_generalized_initializers
    Feature record: CXX_FEATURE:1cxx_generic_lambdas
    Feature record: CXX_FEATURE:1cxx_inheriting_constructors
    Feature record: CXX_FEATURE:1cxx_inline_namespaces
    Feature record: CXX_FEATURE:1cxx_lambdas
    Feature record: CXX_FEATURE:1cxx_lambda_init_captures
    Feature record: CXX_FEATURE:1cxx_local_type_template_args
    Feature record: CXX_FEATURE:1cxx_long_long_type
    Feature record: CXX_FEATURE:1cxx_noexcept
    Feature record: CXX_FEATURE:1cxx_nonstatic_member_init
    Feature record: CXX_FEATURE:1cxx_nullptr
    Feature record: CXX_FEATURE:1cxx_override
    Feature record: CXX_FEATURE:1cxx_range_for
    Feature record: CXX_FEATURE:1cxx_raw_string_literals
    Feature record: CXX_FEATURE:1cxx_reference_qualified_functions
    Feature record: CXX_FEATURE:1cxx_relaxed_constexpr
    Feature record: CXX_FEATURE:1cxx_return_type_deduction
    Feature record: CXX_FEATURE:1cxx_right_angle_brackets
    Feature record: CXX_FEATURE:1cxx_rvalue_references
    Feature record: CXX_FEATURE:1cxx_sizeof_member
    Feature record: CXX_FEATURE:1cxx_static_assert
    Feature record: CXX_FEATURE:1cxx_strong_enums
    Feature record: CXX_FEATURE:1cxx_template_template_parameters
    Feature record: CXX_FEATURE:1cxx_thread_local
    Feature record: CXX_FEATURE:1cxx_trailing_return_types
    Feature record: CXX_FEATURE:1cxx_unicode_literals
    Feature record: CXX_FEATURE:1cxx_uniform_initialization
    Feature record: CXX_FEATURE:1cxx_unrestricted_unions
    Feature record: CXX_FEATURE:1cxx_user_literals
    Feature record: CXX_FEATURE:1cxx_variable_templates
    Feature record: CXX_FEATURE:1cxx_variadic_macros
    Feature record: CXX_FEATURE:1cxx_variadic_templates


Detecting CXX [-std=c++14] compiler features compiled with the following output:
Change Dir: /Users/laolabaobei/Research/Clion/Ising_Model/build/CMakeFiles/CMakeTmp

Run Build Command:"/usr/bin/make" "cmTC_dd7e6/fast"
/Applications/Xcode.app/Contents/Developer/usr/bin/make -f CMakeFiles/cmTC_dd7e6.dir/build.make CMakeFiles/cmTC_dd7e6.dir/build
Building CXX object CMakeFiles/cmTC_dd7e6.dir/feature_tests.cxx.o
/usr/local/bin/g++-7    -isysroot /Applications/Xcode.app/Contents/Developer/Platforms/MacOSX.platform/Developer/SDKs/MacOSX10.13.sdk -mmacosx-version-min=10.9   -std=c++14 -o CMakeFiles/cmTC_dd7e6.dir/feature_tests.cxx.o -c /Users/laolabaobei/Research/Clion/Ising_Model/build/CMakeFiles/feature_tests.cxx
Linking CXX executable cmTC_dd7e6
/usr/local/Cellar/cmake/3.8.2/bin/cmake -E cmake_link_script CMakeFiles/cmTC_dd7e6.dir/link.txt --verbose=1
/usr/local/bin/g++-7    -isysroot /Applications/Xcode.app/Contents/Developer/Platforms/MacOSX.platform/Developer/SDKs/MacOSX10.13.sdk -mmacosx-version-min=10.9 -Wl,-search_paths_first -Wl,-headerpad_max_install_names   CMakeFiles/cmTC_dd7e6.dir/feature_tests.cxx.o  -o cmTC_dd7e6 


    Feature record: CXX_FEATURE:1cxx_aggregate_default_initializers
    Feature record: CXX_FEATURE:1cxx_alias_templates
    Feature record: CXX_FEATURE:1cxx_alignas
    Feature record: CXX_FEATURE:1cxx_alignof
    Feature record: CXX_FEATURE:1cxx_attributes
    Feature record: CXX_FEATURE:1cxx_attribute_deprecated
    Feature record: CXX_FEATURE:1cxx_auto_type
    Feature record: CXX_FEATURE:1cxx_binary_literals
    Feature record: CXX_FEATURE:1cxx_constexpr
    Feature record: CXX_FEATURE:1cxx_contextual_conversions
    Feature record: CXX_FEATURE:1cxx_decltype
    Feature record: CXX_FEATURE:1cxx_decltype_auto
    Feature record: CXX_FEATURE:1cxx_decltype_incomplete_return_types
    Feature record: CXX_FEATURE:1cxx_default_function_template_args
    Feature record: CXX_FEATURE:1cxx_defaulted_functions
    Feature record: CXX_FEATURE:1cxx_defaulted_move_initializers
    Feature record: CXX_FEATURE:1cxx_delegating_constructors
    Feature record: CXX_FEATURE:1cxx_deleted_functions
    Feature record: CXX_FEATURE:1cxx_digit_separators
    Feature record: CXX_FEATURE:1cxx_enum_forward_declarations
    Feature record: CXX_FEATURE:1cxx_explicit_conversions
    Feature record: CXX_FEATURE:1cxx_extended_friend_declarations
    Feature record: CXX_FEATURE:1cxx_extern_templates
    Feature record: CXX_FEATURE:1cxx_final
    Feature record: CXX_FEATURE:1cxx_func_identifier
    Feature record: CXX_FEATURE:1cxx_generalized_initializers
    Feature record: CXX_FEATURE:1cxx_generic_lambdas
    Feature record: CXX_FEATURE:1cxx_inheriting_constructors
    Feature record: CXX_FEATURE:1cxx_inline_namespaces
    Feature record: CXX_FEATURE:1cxx_lambdas
    Feature record: CXX_FEATURE:1cxx_lambda_init_captures
    Feature record: CXX_FEATURE:1cxx_local_type_template_args
    Feature record: CXX_FEATURE:1cxx_long_long_type
    Feature record: CXX_FEATURE:1cxx_noexcept
    Feature record: CXX_FEATURE:1cxx_nonstatic_member_init
    Feature record: CXX_FEATURE:1cxx_nullptr
    Feature record: CXX_FEATURE:1cxx_override
    Feature record: CXX_FEATURE:1cxx_range_for
    Feature record: CXX_FEATURE:1cxx_raw_string_literals
    Feature record: CXX_FEATURE:1cxx_reference_qualified_functions
    Feature record: CXX_FEATURE:1cxx_relaxed_constexpr
    Feature record: CXX_FEATURE:1cxx_return_type_deduction
    Feature record: CXX_FEATURE:1cxx_right_angle_brackets
    Feature record: CXX_FEATURE:1cxx_rvalue_references
    Feature record: CXX_FEATURE:1cxx_sizeof_member
    Feature record: CXX_FEATURE:1cxx_static_assert
    Feature record: CXX_FEATURE:1cxx_strong_enums
    Feature record: CXX_FEATURE:1cxx_template_template_parameters
    Feature record: CXX_FEATURE:1cxx_thread_local
    Feature record: CXX_FEATURE:1cxx_trailing_return_types
    Feature record: CXX_FEATURE:1cxx_unicode_literals
    Feature record: CXX_FEATURE:1cxx_uniform_initialization
    Feature record: CXX_FEATURE:1cxx_unrestricted_unions
    Feature record: CXX_FEATURE:1cxx_user_literals
    Feature record: CXX_FEATURE:1cxx_variable_templates
    Feature record: CXX_FEATURE:1cxx_variadic_macros
    Feature record: CXX_FEATURE:1cxx_variadic_templates


Detecting CXX [-std=c++11] compiler features compiled with the following output:
Change Dir: /Users/laolabaobei/Research/Clion/Ising_Model/build/CMakeFiles/CMakeTmp

Run Build Command:"/usr/bin/make" "cmTC_2f9e2/fast"
/Applications/Xcode.app/Contents/Developer/usr/bin/make -f CMakeFiles/cmTC_2f9e2.dir/build.make CMakeFiles/cmTC_2f9e2.dir/build
Building CXX object CMakeFiles/cmTC_2f9e2.dir/feature_tests.cxx.o
/usr/local/bin/g++-7    -isysroot /Applications/Xcode.app/Contents/Developer/Platforms/MacOSX.platform/Developer/SDKs/MacOSX10.13.sdk -mmacosx-version-min=10.9   -std=c++11 -o CMakeFiles/cmTC_2f9e2.dir/feature_tests.cxx.o -c /Users/laolabaobei/Research/Clion/Ising_Model/build/CMakeFiles/feature_tests.cxx
Linking CXX executable cmTC_2f9e2
/usr/local/Cellar/cmake/3.8.2/bin/cmake -E cmake_link_script CMakeFiles/cmTC_2f9e2.dir/link.txt --verbose=1
/usr/local/bin/g++-7    -isysroot /Applications/Xcode.app/Contents/Developer/Platforms/MacOSX.platform/Developer/SDKs/MacOSX10.13.sdk -mmacosx-version-min=10.9 -Wl,-search_paths_first -Wl,-headerpad_max_install_names   CMakeFiles/cmTC_2f9e2.dir/feature_tests.cxx.o  -o cmTC_2f9e2 


    Feature record: CXX_FEATURE:0cxx_aggregate_default_initializers
    Feature record: CXX_FEATURE:1cxx_alias_templates
    Feature record: CXX_FEATURE:1cxx_alignas
    Feature record: CXX_FEATURE:1cxx_alignof
    Feature record: CXX_FEATURE:1cxx_attributes
    Feature record: CXX_FEATURE:0cxx_attribute_deprecated
    Feature record: CXX_FEATURE:1cxx_auto_type
    Feature record: CXX_FEATURE:0cxx_binary_literals
    Feature record: CXX_FEATURE:1cxx_constexpr
    Feature record: CXX_FEATURE:0cxx_contextual_conversions
    Feature record: CXX_FEATURE:1cxx_decltype
    Feature record: CXX_FEATURE:0cxx_decltype_auto
    Feature record: CXX_FEATURE:1cxx_decltype_incomplete_return_types
    Feature record: CXX_FEATURE:1cxx_default_function_template_args
    Feature record: CXX_FEATURE:1cxx_defaulted_functions
    Feature record: CXX_FEATURE:1cxx_defaulted_move_initializers
    Feature record: CXX_FEATURE:1cxx_delegating_constructors
    Feature record: CXX_FEATURE:1cxx_deleted_functions
    Feature record: CXX_FEATURE:0cxx_digit_separators
    Feature record: CXX_FEATURE:1cxx_enum_forward_declarations
    Feature record: CXX_FEATURE:1cxx_explicit_conversions
    Feature record: CXX_FEATURE:1cxx_extended_friend_declarations
    Feature record: CXX_FEATURE:1cxx_extern_templates
    Feature record: CXX_FEATURE:1cxx_final
    Feature record: CXX_FEATURE:1cxx_func_identifier
    Feature record: CXX_FEATURE:1cxx_generalized_initializers
    Feature record: CXX_FEATURE:0cxx_generic_lambdas
    Feature record: CXX_FEATURE:1cxx_inheriting_constructors
    Feature record: CXX_FEATURE:1cxx_inline_namespaces
    Feature record: CXX_FEATURE:1cxx_lambdas
    Feature record: CXX_FEATURE:0cxx_lambda_init_captures
    Feature record: CXX_FEATURE:1cxx_local_type_template_args
    Feature record: CXX_FEATURE:1cxx_long_long_type
    Feature record: CXX_FEATURE:1cxx_noexcept
    Feature record: CXX_FEATURE:1cxx_nonstatic_member_init
    Feature record: CXX_FEATURE:1cxx_nullptr
    Feature record: CXX_FEATURE:1cxx_override
    Feature record: CXX_FEATURE:1cxx_range_for
    Feature record: CXX_FEATURE:1cxx_raw_string_literals
    Feature record: CXX_FEATURE:1cxx_reference_qualified_functions
    Feature record: CXX_FEATURE:0cxx_relaxed_constexpr
    Feature record: CXX_FEATURE:0cxx_return_type_deduction
    Feature record: CXX_FEATURE:1cxx_right_angle_brackets
    Feature record: CXX_FEATURE:1cxx_rvalue_references
    Feature record: CXX_FEATURE:1cxx_sizeof_member
    Feature record: CXX_FEATURE:1cxx_static_assert
    Feature record: CXX_FEATURE:1cxx_strong_enums
    Feature record: CXX_FEATURE:1cxx_template_template_parameters
    Feature record: CXX_FEATURE:1cxx_thread_local
    Feature record: CXX_FEATURE:1cxx_trailing_return_types
    Feature record: CXX_FEATURE:1cxx_unicode_literals
    Feature record: CXX_FEATURE:1cxx_uniform_initialization
    Feature record: CXX_FEATURE:1cxx_unrestricted_unions
    Feature record: CXX_FEATURE:1cxx_user_literals
    Feature record: CXX_FEATURE:0cxx_variable_templates
    Feature record: CXX_FEATURE:1cxx_variadic_macros
    Feature record: CXX_FEATURE:1cxx_variadic_templates


Detecting CXX [-std=c++98] compiler features compiled with the following output:
Change Dir: /Users/laolabaobei/Research/Clion/Ising_Model/build/CMakeFiles/CMakeTmp

Run Build Command:"/usr/bin/make" "cmTC_db2a9/fast"
/Applications/Xcode.app/Contents/Developer/usr/bin/make -f CMakeFiles/cmTC_db2a9.dir/build.make CMakeFiles/cmTC_db2a9.dir/build
Building CXX object CMakeFiles/cmTC_db2a9.dir/feature_tests.cxx.o
/usr/local/bin/g++-7    -isysroot /Applications/Xcode.app/Contents/Developer/Platforms/MacOSX.platform/Developer/SDKs/MacOSX10.13.sdk -mmacosx-version-min=10.9   -std=c++98 -o CMakeFiles/cmTC_db2a9.dir/feature_tests.cxx.o -c /Users/laolabaobei/Research/Clion/Ising_Model/build/CMakeFiles/feature_tests.cxx
Linking CXX executable cmTC_db2a9
/usr/local/Cellar/cmake/3.8.2/bin/cmake -E cmake_link_script CMakeFiles/cmTC_db2a9.dir/link.txt --verbose=1
/usr/local/bin/g++-7    -isysroot /Applications/Xcode.app/Contents/Developer/Platforms/MacOSX.platform/Developer/SDKs/MacOSX10.13.sdk -mmacosx-version-min=10.9 -Wl,-search_paths_first -Wl,-headerpad_max_install_names   CMakeFiles/cmTC_db2a9.dir/feature_tests.cxx.o  -o cmTC_db2a9 


    Feature record: CXX_FEATURE:0cxx_aggregate_default_initializers
    Feature record: CXX_FEATURE:0cxx_alias_templates
    Feature record: CXX_FEATURE:0cxx_alignas
    Feature record: CXX_FEATURE:0cxx_alignof
    Feature record: CXX_FEATURE:0cxx_attributes
    Feature record: CXX_FEATURE:0cxx_attribute_deprecated
    Feature record: CXX_FEATURE:0cxx_auto_type
    Feature record: CXX_FEATURE:0cxx_binary_literals
    Feature record: CXX_FEATURE:0cxx_constexpr
    Feature record: CXX_FEATURE:0cxx_contextual_conversions
    Feature record: CXX_FEATURE:0cxx_decltype
    Feature record: CXX_FEATURE:0cxx_decltype_auto
    Feature record: CXX_FEATURE:0cxx_decltype_incomplete_return_types
    Feature record: CXX_FEATURE:0cxx_default_function_template_args
    Feature record: CXX_FEATURE:0cxx_defaulted_functions
    Feature record: CXX_FEATURE:0cxx_defaulted_move_initializers
    Feature record: CXX_FEATURE:0cxx_delegating_constructors
    Feature record: CXX_FEATURE:0cxx_deleted_functions
    Feature record: CXX_FEATURE:0cxx_digit_separators
    Feature record: CXX_FEATURE:0cxx_enum_forward_declarations
    Feature record: CXX_FEATURE:0cxx_explicit_conversions
    Feature record: CXX_FEATURE:0cxx_extended_friend_declarations
    Feature record: CXX_FEATURE:0cxx_extern_templates
    Feature record: CXX_FEATURE:0cxx_final
    Feature record: CXX_FEATURE:0cxx_func_identifier
    Feature record: CXX_FEATURE:0cxx_generalized_initializers
    Feature record: CXX_FEATURE:0cxx_generic_lambdas
    Feature record: CXX_FEATURE:0cxx_inheriting_constructors
    Feature record: CXX_FEATURE:0cxx_inline_namespaces
    Feature record: CXX_FEATURE:0cxx_lambdas
    Feature record: CXX_FEATURE:0cxx_lambda_init_captures
    Feature record: CXX_FEATURE:0cxx_local_type_template_args
    Feature record: CXX_FEATURE:0cxx_long_long_type
    Feature record: CXX_FEATURE:0cxx_noexcept
    Feature record: CXX_FEATURE:0cxx_nonstatic_member_init
    Feature record: CXX_FEATURE:0cxx_nullptr
    Feature record: CXX_FEATURE:0cxx_override
    Feature record: CXX_FEATURE:0cxx_range_for
    Feature record: CXX_FEATURE:0cxx_raw_string_literals
    Feature record: CXX_FEATURE:0cxx_reference_qualified_functions
    Feature record: CXX_FEATURE:0cxx_relaxed_constexpr
    Feature record: CXX_FEATURE:0cxx_return_type_deduction
    Feature record: CXX_FEATURE:0cxx_right_angle_brackets
    Feature record: CXX_FEATURE:0cxx_rvalue_references
    Feature record: CXX_FEATURE:0cxx_sizeof_member
    Feature record: CXX_FEATURE:0cxx_static_assert
    Feature record: CXX_FEATURE:0cxx_strong_enums
    Feature record: CXX_FEATURE:1cxx_template_template_parameters
    Feature record: CXX_FEATURE:0cxx_thread_local
    Feature record: CXX_FEATURE:0cxx_trailing_return_types
    Feature record: CXX_FEATURE:0cxx_unicode_literals
    Feature record: CXX_FEATURE:0cxx_uniform_initialization
    Feature record: CXX_FEATURE:0cxx_unrestricted_unions
    Feature record: CXX_FEATURE:0cxx_user_literals
    Feature record: CXX_FEATURE:0cxx_variable_templates
    Feature record: CXX_FEATURE:0cxx_variadic_macros
    Feature record: CXX_FEATURE:0cxx_variadic_templates
